<!DOCTYPE HTML PUBLIC "-//W3C//DTD HTML 4.01//EN" "http://www.w3.org/TR/html4/strict.dtd">
<html>
<head>
<meta http-equiv="Content-Type" content="text/html; charset=utf-8"/>
<title>Test results - Class org.gnucash.android.test.ui.TransactionsActivityTest</title>
<link href="css/base-style.css" rel="stylesheet" type="text/css"/>
<link href="css/style.css" rel="stylesheet" type="text/css"/>
<script src="js/report.js" type="text/javascript"></script>
</head>
<body>
<div id="content">
<h1>Class org.gnucash.android.test.ui.TransactionsActivityTest</h1>
<div class="breadcrumbs">
<a href="index.html">all</a> &gt; 
<a href="org.gnucash.android.test.ui.html">org.gnucash.android.test.ui</a> &gt; TransactionsActivityTest</div>
<div id="summary">
<table>
<tr>
<td>
<div class="summaryGroup">
<table>
<tr>
<td>
<div class="infoBox" id="tests">
<div class="counter">16</div>
<p>tests</p>
</div>
</td>
<td>
<div class="infoBox" id="failures">
<div class="counter">5</div>
<p>failures</p>
</div>
</td>
<td>
<div class="infoBox" id="duration">
<div class="counter">47.910s</div>
<p>duration</p>
</div>
</td>
</tr>
</table>
</div>
</td>
<td>
<div class="infoBox failures" id="successRate">
<div class="percent">68%</div>
<p>successful</p>
</div>
</td>
</tr>
</table>
</div>
<div id="tabs">
<ul class="tabLinks">
<li>
<a href="#tab0">Failed tests</a>
</li>
<li>
<a href="#tab1">Tests</a>
</li>
</ul>
<div id="tab0" class="tab">
<h2>Failed tests</h2>
<div class="test">
<a name="editingSplit_shouldNotSetAmountToZero"></a>
<h3 class="failures">editingSplit_shouldNotSetAmountToZero</h3>
<span class="code">
<pre>android.support.test.espresso.PerformException: Error performing 'single click' on view 'with text: is &quot;Transactions Account&quot;'.
at android.support.test.espresso.PerformException$Builder.build(PerformException.java:84)
at android.support.test.espresso.base.DefaultFailureHandler.getUserFriendlyError(DefaultFailureHandler.java:81)
at android.support.test.espresso.base.DefaultFailureHandler.handle(DefaultFailureHandler.java:52)
at android.support.test.espresso.ViewInteraction.waitForAndHandleInteractionResults(ViewInteraction.java:312)
at android.support.test.espresso.ViewInteraction.desugaredPerform(ViewInteraction.java:167)
at android.support.test.espresso.ViewInteraction.perform(ViewInteraction.java:110)
at org.gnucash.android.test.ui.TransactionsActivityTest.editingSplit_shouldNotSetAmountToZero(TransactionsActivityTest.java:615)
at java.lang.reflect.Method.invoke(Native Method)
at org.junit.runners.model.FrameworkMethod$1.runReflectiveCall(FrameworkMethod.java:50)
at org.junit.internal.runners.model.ReflectiveCallable.run(ReflectiveCallable.java:12)
at org.junit.runners.model.FrameworkMethod.invokeExplosively(FrameworkMethod.java:47)
at org.junit.internal.runners.statements.InvokeMethod.evaluate(InvokeMethod.java:17)
at android.support.test.internal.runner.junit4.statement.RunBefores.evaluate(RunBefores.java:80)
at android.support.test.internal.runner.junit4.statement.RunAfters.evaluate(RunAfters.java:61)
at android.support.test.rule.GrantPermissionRule$RequestPermissionStatement.evaluate(GrantPermissionRule.java:109)
at android.support.test.rule.ActivityTestRule$ActivityStatement.evaluate(ActivityTestRule.java:433)
at org.junit.rules.RunRules.evaluate(RunRules.java:20)
at org.junit.runners.ParentRunner.runLeaf(ParentRunner.java:325)
at org.junit.runners.BlockJUnit4ClassRunner.runChild(BlockJUnit4ClassRunner.java:78)
at org.junit.runners.BlockJUnit4ClassRunner.runChild(BlockJUnit4ClassRunner.java:57)
at org.junit.runners.ParentRunner$3.run(ParentRunner.java:290)
at org.junit.runners.ParentRunner$1.schedule(ParentRunner.java:71)
at org.junit.runners.ParentRunner.runChildren(ParentRunner.java:288)
at org.junit.runners.ParentRunner.access$000(ParentRunner.java:58)
at org.junit.runners.ParentRunner$2.evaluate(ParentRunner.java:268)
at org.junit.internal.runners.statements.RunBefores.evaluate(RunBefores.java:26)
at org.gnucash.android.test.ui.util.DisableAnimationsRule$1.evaluate(DisableAnimationsRule.java:48)
at org.junit.rules.RunRules.evaluate(RunRules.java:20)
at org.junit.runners.ParentRunner.run(ParentRunner.java:363)
at org.junit.runners.Suite.runChild(Suite.java:128)
at org.junit.runners.Suite.runChild(Suite.java:27)
at org.junit.runners.ParentRunner$3.run(ParentRunner.java:290)
at org.junit.runners.ParentRunner$1.schedule(ParentRunner.java:71)
at org.junit.runners.ParentRunner.runChildren(ParentRunner.java:288)
at org.junit.runners.ParentRunner.access$000(ParentRunner.java:58)
at org.junit.runners.ParentRunner$2.evaluate(ParentRunner.java:268)
at org.junit.runners.ParentRunner.run(ParentRunner.java:363)
at org.junit.runner.JUnitCore.run(JUnitCore.java:137)
at org.junit.runner.JUnitCore.run(JUnitCore.java:115)
at android.support.test.internal.runner.TestExecutor.execute(TestExecutor.java:58)
at android.support.test.runner.AndroidJUnitRunner.onStart(AndroidJUnitRunner.java:369)
at android.app.Instrumentation$InstrumentationThread.run(Instrumentation.java:2075)
Caused by: java.lang.RuntimeException: Action will not be performed because the target view does not match one or more of the following constraints:
at least 90 percent of the view's area is displayed to the user.
Target view: &quot;AppCompatTextView{id=16908308, res-name=text1, visibility=INVISIBLE, width=892, height=59, has-focus=false, has-focusable=false, has-window-focus=true, is-clickable=false, is-enabled=true, is-focused=false, is-focusable=false, is-layout-requested=false, is-selected=false, layout-params=android.view.ViewGroup$LayoutParams@cf4a7c7, tag=null, root-is-layout-requested=false, has-input-connection=false, x=0.0, y=3.0, text=Transactions Account, input-type=0, ime-target=false, has-links=false}&quot;
at android.support.test.espresso.ViewInteraction.doPerform(ViewInteraction.java:238)
at android.support.test.espresso.ViewInteraction.access$100(ViewInteraction.java:62)
at android.support.test.espresso.ViewInteraction$1.call(ViewInteraction.java:149)
at android.support.test.espresso.ViewInteraction$1.call(ViewInteraction.java:146)
at java.util.concurrent.FutureTask.run(FutureTask.java:266)
at android.os.Handler.handleCallback(Handler.java:790)
at android.os.Handler.dispatchMessage(Handler.java:99)
at android.os.Looper.loop(Looper.java:164)
at android.app.ActivityThread.main(ActivityThread.java:6494)
at java.lang.reflect.Method.invoke(Native Method)
at com.android.internal.os.RuntimeInit$MethodAndArgsCaller.run(RuntimeInit.java:438)
at com.android.internal.os.ZygoteInit.main(ZygoteInit.java:807)
</pre>
</span>
</div>
<div class="test">
<a name="editingTransferAccount_shouldKeepSplitAmountsConsistent"></a>
<h3 class="failures">editingTransferAccount_shouldKeepSplitAmountsConsistent</h3>
<span class="code">
<pre>android.support.test.espresso.PerformException: Error performing 'single click' on view 'with text: is &quot;Transfer account&quot;'.
at android.support.test.espresso.PerformException$Builder.build(PerformException.java:84)
at android.support.test.espresso.base.DefaultFailureHandler.getUserFriendlyError(DefaultFailureHandler.java:81)
at android.support.test.espresso.base.DefaultFailureHandler.handle(DefaultFailureHandler.java:52)
at android.support.test.espresso.ViewInteraction.waitForAndHandleInteractionResults(ViewInteraction.java:312)
at android.support.test.espresso.ViewInteraction.desugaredPerform(ViewInteraction.java:167)
at android.support.test.espresso.ViewInteraction.perform(ViewInteraction.java:110)
at org.gnucash.android.test.ui.TransactionsActivityTest.editingTransferAccount_shouldKeepSplitAmountsConsistent(TransactionsActivityTest.java:840)
at java.lang.reflect.Method.invoke(Native Method)
at org.junit.runners.model.FrameworkMethod$1.runReflectiveCall(FrameworkMethod.java:50)
at org.junit.internal.runners.model.ReflectiveCallable.run(ReflectiveCallable.java:12)
at org.junit.runners.model.FrameworkMethod.invokeExplosively(FrameworkMethod.java:47)
at org.junit.internal.runners.statements.InvokeMethod.evaluate(InvokeMethod.java:17)
at android.support.test.internal.runner.junit4.statement.RunBefores.evaluate(RunBefores.java:80)
at android.support.test.internal.runner.junit4.statement.RunAfters.evaluate(RunAfters.java:61)
at android.support.test.rule.GrantPermissionRule$RequestPermissionStatement.evaluate(GrantPermissionRule.java:109)
at android.support.test.rule.ActivityTestRule$ActivityStatement.evaluate(ActivityTestRule.java:433)
at org.junit.rules.RunRules.evaluate(RunRules.java:20)
at org.junit.runners.ParentRunner.runLeaf(ParentRunner.java:325)
at org.junit.runners.BlockJUnit4ClassRunner.runChild(BlockJUnit4ClassRunner.java:78)
at org.junit.runners.BlockJUnit4ClassRunner.runChild(BlockJUnit4ClassRunner.java:57)
at org.junit.runners.ParentRunner$3.run(ParentRunner.java:290)
at org.junit.runners.ParentRunner$1.schedule(ParentRunner.java:71)
at org.junit.runners.ParentRunner.runChildren(ParentRunner.java:288)
at org.junit.runners.ParentRunner.access$000(ParentRunner.java:58)
at org.junit.runners.ParentRunner$2.evaluate(ParentRunner.java:268)
at org.junit.internal.runners.statements.RunBefores.evaluate(RunBefores.java:26)
at org.gnucash.android.test.ui.util.DisableAnimationsRule$1.evaluate(DisableAnimationsRule.java:48)
at org.junit.rules.RunRules.evaluate(RunRules.java:20)
at org.junit.runners.ParentRunner.run(ParentRunner.java:363)
at org.junit.runners.Suite.runChild(Suite.java:128)
at org.junit.runners.Suite.runChild(Suite.java:27)
at org.junit.runners.ParentRunner$3.run(ParentRunner.java:290)
at org.junit.runners.ParentRunner$1.schedule(ParentRunner.java:71)
at org.junit.runners.ParentRunner.runChildren(ParentRunner.java:288)
at org.junit.runners.ParentRunner.access$000(ParentRunner.java:58)
at org.junit.runners.ParentRunner$2.evaluate(ParentRunner.java:268)
at org.junit.runners.ParentRunner.run(ParentRunner.java:363)
at org.junit.runner.JUnitCore.run(JUnitCore.java:137)
at org.junit.runner.JUnitCore.run(JUnitCore.java:115)
at android.support.test.internal.runner.TestExecutor.execute(TestExecutor.java:58)
at android.support.test.runner.AndroidJUnitRunner.onStart(AndroidJUnitRunner.java:369)
at android.app.Instrumentation$InstrumentationThread.run(Instrumentation.java:2075)
Caused by: java.lang.RuntimeException: Action will not be performed because the target view does not match one or more of the following constraints:
at least 90 percent of the view's area is displayed to the user.
Target view: &quot;AppCompatCheckedTextView{id=16908308, res-name=text1, visibility=INVISIBLE, width=749, height=132, has-focus=false, has-focusable=false, has-window-focus=true, is-clickable=false, is-enabled=true, is-focused=false, is-focusable=false, is-layout-requested=false, is-selected=false, layout-params=android.widget.AbsListView$LayoutParams@2cb7dcc, tag=null, root-is-layout-requested=false, has-input-connection=false, x=0.0, y=132.0, text=Transfer account, input-type=0, ime-target=false, has-links=false, is-checked=false}&quot;
at android.support.test.espresso.ViewInteraction.doPerform(ViewInteraction.java:238)
at android.support.test.espresso.ViewInteraction.access$100(ViewInteraction.java:62)
at android.support.test.espresso.ViewInteraction$1.call(ViewInteraction.java:149)
at android.support.test.espresso.ViewInteraction$1.call(ViewInteraction.java:146)
at java.util.concurrent.FutureTask.run(FutureTask.java:266)
at android.os.Handler.handleCallback(Handler.java:790)
at android.os.Handler.dispatchMessage(Handler.java:99)
at android.os.Looper.loop(Looper.java:164)
at android.app.ActivityThread.main(ActivityThread.java:6494)
at java.lang.reflect.Method.invoke(Native Method)
at com.android.internal.os.RuntimeInit$MethodAndArgsCaller.run(RuntimeInit.java:438)
at com.android.internal.os.ZygoteInit.main(ZygoteInit.java:807)
</pre>
</span>
</div>
<div class="test">
<a name="openingAndSavingMultiCurrencyTransaction_shouldNotModifyTheSplits"></a>
<h3 class="failures">openingAndSavingMultiCurrencyTransaction_shouldNotModifyTheSplits</h3>
<span class="code">
<pre>android.support.test.espresso.PerformException: Error performing 'single click' on view 'with text: is &quot;Zen Account&quot;'.
at android.support.test.espresso.PerformException$Builder.build(PerformException.java:84)
at android.support.test.espresso.base.DefaultFailureHandler.getUserFriendlyError(DefaultFailureHandler.java:81)
at android.support.test.espresso.base.DefaultFailureHandler.handle(DefaultFailureHandler.java:52)
at android.support.test.espresso.ViewInteraction.waitForAndHandleInteractionResults(ViewInteraction.java:312)
at android.support.test.espresso.ViewInteraction.desugaredPerform(ViewInteraction.java:167)
at android.support.test.espresso.ViewInteraction.perform(ViewInteraction.java:110)
at org.gnucash.android.test.ui.TransactionsActivityTest.openingAndSavingMultiCurrencyTransaction_shouldNotModifyTheSplits(TransactionsActivityTest.java:689)
at java.lang.reflect.Method.invoke(Native Method)
at org.junit.runners.model.FrameworkMethod$1.runReflectiveCall(FrameworkMethod.java:50)
at org.junit.internal.runners.model.ReflectiveCallable.run(ReflectiveCallable.java:12)
at org.junit.runners.model.FrameworkMethod.invokeExplosively(FrameworkMethod.java:47)
at org.junit.internal.runners.statements.InvokeMethod.evaluate(InvokeMethod.java:17)
at android.support.test.internal.runner.junit4.statement.RunBefores.evaluate(RunBefores.java:80)
at android.support.test.internal.runner.junit4.statement.RunAfters.evaluate(RunAfters.java:61)
at android.support.test.rule.GrantPermissionRule$RequestPermissionStatement.evaluate(GrantPermissionRule.java:109)
at android.support.test.rule.ActivityTestRule$ActivityStatement.evaluate(ActivityTestRule.java:433)
at org.junit.rules.RunRules.evaluate(RunRules.java:20)
at org.junit.runners.ParentRunner.runLeaf(ParentRunner.java:325)
at org.junit.runners.BlockJUnit4ClassRunner.runChild(BlockJUnit4ClassRunner.java:78)
at org.junit.runners.BlockJUnit4ClassRunner.runChild(BlockJUnit4ClassRunner.java:57)
at org.junit.runners.ParentRunner$3.run(ParentRunner.java:290)
at org.junit.runners.ParentRunner$1.schedule(ParentRunner.java:71)
at org.junit.runners.ParentRunner.runChildren(ParentRunner.java:288)
at org.junit.runners.ParentRunner.access$000(ParentRunner.java:58)
at org.junit.runners.ParentRunner$2.evaluate(ParentRunner.java:268)
at org.junit.internal.runners.statements.RunBefores.evaluate(RunBefores.java:26)
at org.gnucash.android.test.ui.util.DisableAnimationsRule$1.evaluate(DisableAnimationsRule.java:48)
at org.junit.rules.RunRules.evaluate(RunRules.java:20)
at org.junit.runners.ParentRunner.run(ParentRunner.java:363)
at org.junit.runners.Suite.runChild(Suite.java:128)
at org.junit.runners.Suite.runChild(Suite.java:27)
at org.junit.runners.ParentRunner$3.run(ParentRunner.java:290)
at org.junit.runners.ParentRunner$1.schedule(ParentRunner.java:71)
at org.junit.runners.ParentRunner.runChildren(ParentRunner.java:288)
at org.junit.runners.ParentRunner.access$000(ParentRunner.java:58)
at org.junit.runners.ParentRunner$2.evaluate(ParentRunner.java:268)
at org.junit.runners.ParentRunner.run(ParentRunner.java:363)
at org.junit.runner.JUnitCore.run(JUnitCore.java:137)
at org.junit.runner.JUnitCore.run(JUnitCore.java:115)
at android.support.test.internal.runner.TestExecutor.execute(TestExecutor.java:58)
at android.support.test.runner.AndroidJUnitRunner.onStart(AndroidJUnitRunner.java:369)
at android.app.Instrumentation$InstrumentationThread.run(Instrumentation.java:2075)
Caused by: java.lang.RuntimeException: Action will not be performed because the target view does not match one or more of the following constraints:
at least 90 percent of the view's area is displayed to the user.
Target view: &quot;AppCompatCheckedTextView{id=16908308, res-name=text1, visibility=INVISIBLE, width=749, height=132, has-focus=false, has-focusable=false, has-window-focus=true, is-clickable=false, is-enabled=true, is-focused=false, is-focusable=false, is-layout-requested=false, is-selected=false, layout-params=android.widget.AbsListView$LayoutParams@19082ea, tag=null, root-is-layout-requested=false, has-input-connection=false, x=0.0, y=132.0, text=Zen Account, input-type=0, ime-target=false, has-links=false, is-checked=false}&quot;
at android.support.test.espresso.ViewInteraction.doPerform(ViewInteraction.java:238)
at android.support.test.espresso.ViewInteraction.access$100(ViewInteraction.java:62)
at android.support.test.espresso.ViewInteraction$1.call(ViewInteraction.java:149)
at android.support.test.espresso.ViewInteraction$1.call(ViewInteraction.java:146)
at java.util.concurrent.FutureTask.run(FutureTask.java:266)
at android.os.Handler.handleCallback(Handler.java:790)
at android.os.Handler.dispatchMessage(Handler.java:99)
at android.os.Looper.loop(Looper.java:164)
at android.app.ActivityThread.main(ActivityThread.java:6494)
at java.lang.reflect.Method.invoke(Native Method)
at com.android.internal.os.RuntimeInit$MethodAndArgsCaller.run(RuntimeInit.java:438)
at com.android.internal.os.ZygoteInit.main(ZygoteInit.java:807)
</pre>
</span>
</div>
<div class="test">
<a name="testAddMultiCurrencyTransaction"></a>
<h3 class="failures">testAddMultiCurrencyTransaction</h3>
<span class="code">
<pre>android.support.test.espresso.base.DefaultFailureHandler$AssertionFailedWithCauseError: 'is displayed on the screen to the user' doesn't match the selected view.
Expected: is displayed on the screen to the user
Got: &quot;AppCompatCheckedTextView{id=16908308, res-name=text1, visibility=INVISIBLE, width=749, height=132, has-focus=false, has-focusable=false, has-window-focus=true, is-clickable=false, is-enabled=true, is-focused=false, is-focusable=false, is-layout-requested=false, is-selected=false, layout-params=android.widget.AbsListView$LayoutParams@5acacde, tag=null, root-is-layout-requested=false, has-input-connection=false, x=0.0, y=0.0, text=Euro Konto, input-type=0, ime-target=false, has-links=false, is-checked=true}&quot;

at dalvik.system.VMStack.getThreadStackTrace(Native Method)
at java.lang.Thread.getStackTrace(Thread.java:1538)
at android.support.test.espresso.base.DefaultFailureHandler.getUserFriendlyError(DefaultFailureHandler.java:90)
at android.support.test.espresso.base.DefaultFailureHandler.handle(DefaultFailureHandler.java:52)
at android.support.test.espresso.ViewInteraction.waitForAndHandleInteractionResults(ViewInteraction.java:314)
at android.support.test.espresso.ViewInteraction.check(ViewInteraction.java:291)
at org.gnucash.android.test.ui.TransactionsActivityTest.testAddMultiCurrencyTransaction(TransactionsActivityTest.java:305)
at java.lang.reflect.Method.invoke(Native Method)
at org.junit.runners.model.FrameworkMethod$1.runReflectiveCall(FrameworkMethod.java:50)
at org.junit.internal.runners.model.ReflectiveCallable.run(ReflectiveCallable.java:12)
at org.junit.runners.model.FrameworkMethod.invokeExplosively(FrameworkMethod.java:47)
at org.junit.internal.runners.statements.InvokeMethod.evaluate(InvokeMethod.java:17)
at android.support.test.internal.runner.junit4.statement.RunBefores.evaluate(RunBefores.java:80)
at android.support.test.internal.runner.junit4.statement.RunAfters.evaluate(RunAfters.java:61)
at android.support.test.rule.GrantPermissionRule$RequestPermissionStatement.evaluate(GrantPermissionRule.java:109)
at android.support.test.rule.ActivityTestRule$ActivityStatement.evaluate(ActivityTestRule.java:433)
at org.junit.rules.RunRules.evaluate(RunRules.java:20)
at org.junit.runners.ParentRunner.runLeaf(ParentRunner.java:325)
at org.junit.runners.BlockJUnit4ClassRunner.runChild(BlockJUnit4ClassRunner.java:78)
at org.junit.runners.BlockJUnit4ClassRunner.runChild(BlockJUnit4ClassRunner.java:57)
at org.junit.runners.ParentRunner$3.run(ParentRunner.java:290)
at org.junit.runners.ParentRunner$1.schedule(ParentRunner.java:71)
at org.junit.runners.ParentRunner.runChildren(ParentRunner.java:288)
at org.junit.runners.ParentRunner.access$000(ParentRunner.java:58)
at org.junit.runners.ParentRunner$2.evaluate(ParentRunner.java:268)
at org.junit.internal.runners.statements.RunBefores.evaluate(RunBefores.java:26)
at org.gnucash.android.test.ui.util.DisableAnimationsRule$1.evaluate(DisableAnimationsRule.java:48)
at org.junit.rules.RunRules.evaluate(RunRules.java:20)
at org.junit.runners.ParentRunner.run(ParentRunner.java:363)
at org.junit.runners.Suite.runChild(Suite.java:128)
at org.junit.runners.Suite.runChild(Suite.java:27)
at org.junit.runners.ParentRunner$3.run(ParentRunner.java:290)
at org.junit.runners.ParentRunner$1.schedule(ParentRunner.java:71)
at org.junit.runners.ParentRunner.runChildren(ParentRunner.java:288)
at org.junit.runners.ParentRunner.access$000(ParentRunner.java:58)
at org.junit.runners.ParentRunner$2.evaluate(ParentRunner.java:268)
at org.junit.runners.ParentRunner.run(ParentRunner.java:363)
at org.junit.runner.JUnitCore.run(JUnitCore.java:137)
at org.junit.runner.JUnitCore.run(JUnitCore.java:115)
at android.support.test.internal.runner.TestExecutor.execute(TestExecutor.java:58)
at android.support.test.runner.AndroidJUnitRunner.onStart(AndroidJUnitRunner.java:369)
at android.app.Instrumentation$InstrumentationThread.run(Instrumentation.java:2075)
Caused by: junit.framework.AssertionFailedError: 'is displayed on the screen to the user' doesn't match the selected view.
Expected: is displayed on the screen to the user
Got: &quot;AppCompatCheckedTextView{id=16908308, res-name=text1, visibility=INVISIBLE, width=749, height=132, has-focus=false, has-focusable=false, has-window-focus=true, is-clickable=false, is-enabled=true, is-focused=false, is-focusable=false, is-layout-requested=false, is-selected=false, layout-params=android.widget.AbsListView$LayoutParams@5acacde, tag=null, root-is-layout-requested=false, has-input-connection=false, x=0.0, y=0.0, text=Euro Konto, input-type=0, ime-target=false, has-links=false, is-checked=true}&quot;

at android.support.test.espresso.matcher.ViewMatchers.assertThat(ViewMatchers.java:526)
at android.support.test.espresso.assertion.ViewAssertions$MatchesViewAssertion.check(ViewAssertions.java:103)
at android.support.test.espresso.ViewInteraction$SingleExecutionViewAssertion.check(ViewInteraction.java:415)
at android.support.test.espresso.ViewInteraction$2.call(ViewInteraction.java:274)
at android.support.test.espresso.ViewInteraction$2.call(ViewInteraction.java:258)
at java.util.concurrent.FutureTask.run(FutureTask.java:266)
at android.os.Handler.handleCallback(Handler.java:790)
at android.os.Handler.dispatchMessage(Handler.java:99)
at android.os.Looper.loop(Looper.java:164)
at android.app.ActivityThread.main(ActivityThread.java:6494)
at java.lang.reflect.Method.invoke(Native Method)
at com.android.internal.os.RuntimeInit$MethodAndArgsCaller.run(RuntimeInit.java:438)
at com.android.internal.os.ZygoteInit.main(ZygoteInit.java:807)
</pre>
</span>
</div>
<div class="test">
<a name="testEditingTransferAccountOfMultiCurrencyTransaction"></a>
<h3 class="failures">testEditingTransferAccountOfMultiCurrencyTransaction</h3>
<span class="code">
<pre>android.support.test.espresso.PerformException: Error performing 'single click' on view 'with text: is &quot;Transfer account&quot;'.
at android.support.test.espresso.PerformException$Builder.build(PerformException.java:84)
at android.support.test.espresso.base.DefaultFailureHandler.getUserFriendlyError(DefaultFailureHandler.java:81)
at android.support.test.espresso.base.DefaultFailureHandler.handle(DefaultFailureHandler.java:52)
at android.support.test.espresso.ViewInteraction.waitForAndHandleInteractionResults(ViewInteraction.java:312)
at android.support.test.espresso.ViewInteraction.desugaredPerform(ViewInteraction.java:167)
at android.support.test.espresso.ViewInteraction.perform(ViewInteraction.java:110)
at org.gnucash.android.test.ui.TransactionsActivityTest.testEditingTransferAccountOfMultiCurrencyTransaction(TransactionsActivityTest.java:773)
at java.lang.reflect.Method.invoke(Native Method)
at org.junit.runners.model.FrameworkMethod$1.runReflectiveCall(FrameworkMethod.java:50)
at org.junit.internal.runners.model.ReflectiveCallable.run(ReflectiveCallable.java:12)
at org.junit.runners.model.FrameworkMethod.invokeExplosively(FrameworkMethod.java:47)
at org.junit.internal.runners.statements.InvokeMethod.evaluate(InvokeMethod.java:17)
at android.support.test.internal.runner.junit4.statement.RunBefores.evaluate(RunBefores.java:80)
at android.support.test.internal.runner.junit4.statement.RunAfters.evaluate(RunAfters.java:61)
at android.support.test.rule.GrantPermissionRule$RequestPermissionStatement.evaluate(GrantPermissionRule.java:109)
at android.support.test.rule.ActivityTestRule$ActivityStatement.evaluate(ActivityTestRule.java:433)
at org.junit.rules.RunRules.evaluate(RunRules.java:20)
at org.junit.runners.ParentRunner.runLeaf(ParentRunner.java:325)
at org.junit.runners.BlockJUnit4ClassRunner.runChild(BlockJUnit4ClassRunner.java:78)
at org.junit.runners.BlockJUnit4ClassRunner.runChild(BlockJUnit4ClassRunner.java:57)
at org.junit.runners.ParentRunner$3.run(ParentRunner.java:290)
at org.junit.runners.ParentRunner$1.schedule(ParentRunner.java:71)
at org.junit.runners.ParentRunner.runChildren(ParentRunner.java:288)
at org.junit.runners.ParentRunner.access$000(ParentRunner.java:58)
at org.junit.runners.ParentRunner$2.evaluate(ParentRunner.java:268)
at org.junit.internal.runners.statements.RunBefores.evaluate(RunBefores.java:26)
at org.gnucash.android.test.ui.util.DisableAnimationsRule$1.evaluate(DisableAnimationsRule.java:48)
at org.junit.rules.RunRules.evaluate(RunRules.java:20)
at org.junit.runners.ParentRunner.run(ParentRunner.java:363)
at org.junit.runners.Suite.runChild(Suite.java:128)
at org.junit.runners.Suite.runChild(Suite.java:27)
at org.junit.runners.ParentRunner$3.run(ParentRunner.java:290)
at org.junit.runners.ParentRunner$1.schedule(ParentRunner.java:71)
at org.junit.runners.ParentRunner.runChildren(ParentRunner.java:288)
at org.junit.runners.ParentRunner.access$000(ParentRunner.java:58)
at org.junit.runners.ParentRunner$2.evaluate(ParentRunner.java:268)
at org.junit.runners.ParentRunner.run(ParentRunner.java:363)
at org.junit.runner.JUnitCore.run(JUnitCore.java:137)
at org.junit.runner.JUnitCore.run(JUnitCore.java:115)
at android.support.test.internal.runner.TestExecutor.execute(TestExecutor.java:58)
at android.support.test.runner.AndroidJUnitRunner.onStart(AndroidJUnitRunner.java:369)
at android.app.Instrumentation$InstrumentationThread.run(Instrumentation.java:2075)
Caused by: java.lang.RuntimeException: Action will not be performed because the target view does not match one or more of the following constraints:
at least 90 percent of the view's area is displayed to the user.
Target view: &quot;AppCompatCheckedTextView{id=16908308, res-name=text1, visibility=INVISIBLE, width=749, height=132, has-focus=false, has-focusable=false, has-window-focus=true, is-clickable=false, is-enabled=true, is-focused=false, is-focusable=false, is-layout-requested=false, is-selected=false, layout-params=android.widget.AbsListView$LayoutParams@4ee40f, tag=null, root-is-layout-requested=false, has-input-connection=false, x=0.0, y=132.0, text=Transfer account, input-type=0, ime-target=false, has-links=false, is-checked=false}&quot;
at android.support.test.espresso.ViewInteraction.doPerform(ViewInteraction.java:238)
at android.support.test.espresso.ViewInteraction.access$100(ViewInteraction.java:62)
at android.support.test.espresso.ViewInteraction$1.call(ViewInteraction.java:149)
at android.support.test.espresso.ViewInteraction$1.call(ViewInteraction.java:146)
at java.util.concurrent.FutureTask.run(FutureTask.java:266)
at android.os.Handler.handleCallback(Handler.java:790)
at android.os.Handler.dispatchMessage(Handler.java:99)
at android.os.Looper.loop(Looper.java:164)
at android.app.ActivityThread.main(ActivityThread.java:6494)
at java.lang.reflect.Method.invoke(Native Method)
at com.android.internal.os.RuntimeInit$MethodAndArgsCaller.run(RuntimeInit.java:438)
at com.android.internal.os.ZygoteInit.main(ZygoteInit.java:807)
</pre>
</span>
</div>
</div>
<div id="tab1" class="tab">
<h2>Tests</h2>
<table>
<thead>
<tr>
<th>Test</th>
<th>Pixel_3a_API_27(AVD) - 8.1.0</th>
</tr>
</thead>
<tr>
<td>editingSplit_shouldNotSetAmountToZero</td>
<td class="failures">failed (6.084s)</td>
</tr>
<tr>
<td>editingTransferAccount_shouldKeepSplitAmountsConsistent</td>
<td class="failures">failed (1.801s)</td>
</tr>
<tr>
<td>openingAndSavingMultiCurrencyTransaction_shouldNotModifyTheSplits</td>
<td class="failures">failed (4.348s)</td>
</tr>
<tr>
<td>testAddMultiCurrencyTransaction</td>
<td class="failures">failed (3.773s)</td>
</tr>
<tr>
<td>testAddTransaction</td>
<td class="success">passed (4.849s)</td>
</tr>
<tr>
<td>testAddTransactionShouldRequireAmount</td>
<td class="success">passed (4.152s)</td>
</tr>
<tr>
<td>testDefaultTransactionType</td>
<td class="success">passed (1.164s)</td>
</tr>
<tr>
<td>testDeleteTransaction</td>
<td class="success">passed (1.608s)</td>
</tr>
<tr>
<td>testDuplicateTransaction</td>
<td class="success">passed (1.543s)</td>
</tr>
<tr>
<td>testEditTransaction</td>
<td class="success">passed (2.637s)</td>
</tr>
<tr>
<td>testEditingTransferAccountOfMultiCurrencyTransaction</td>
<td class="failures">failed (2.375s)</td>
</tr>
<tr>
<td>testLegacyIntentTransactionRecording</td>
<td class="success">passed (0.543s)</td>
</tr>
<tr>
<td>testMoveTransaction</td>
<td class="success">passed (2.309s)</td>
</tr>
<tr>
<td>testOpenTransactionEditShouldNotModifyTransaction</td>
<td class="success">passed (1.991s)</td>
</tr>
<tr>
<td>testSplitEditor</td>
<td class="success">passed (6.010s)</td>
</tr>
<tr>
<td>testToggleTransactionType</td>
<td class="success">passed (2.723s)</td>
</tr>
</table>
</div>
</div>
<div id="footer">
<p>Generated by 
<a href="http://www.gradle.org">Gradle 4.1</a> at 11/04/2020 03:41:47 PM</p>
</div>
</div>
</body>